<<<<<<< HEAD
Using pre-set license
Built from '2021.1/staging' branch; Version is '2021.1.3f1 (4bef613afd59) revision 4976481'; Using compiler version '192528614'; Build Type 'Release'
OS: 'Windows 10 Home Single Language; OS build 18363.1440; Version 1909; 64bit' Language: 'en' Physical Memory: 8112 MB
BatchMode: 1, IsHumanControllingUs: 0, StartBugReporterOnCrash: 0, Is64bit: 1, IsPro: 0

 COMMAND LINE ARGUMENTS:
C:\Program Files\Unity\Hub\Editor\2021.1.3f1\Editor\Unity.exe
-adb2
-batchMode
-noUpm
-name
AssetImportWorker0
-projectPath
C:/Users/LENOVO/Desktop/DACC/ZiGymer
-logFile
Logs/AssetImportWorker0.log
-srvPort
52378
Successfully changed project path to: C:/Users/LENOVO/Desktop/DACC/ZiGymer
C:/Users/LENOVO/Desktop/DACC/ZiGymer
Using Asset Import Pipeline V2.
Refreshing native plugins compatible for Editor in 30.04 ms, found 0 plugins.
Preloading 0 native plugins for Editor in 0.00 ms.
Initialize engine version: 2021.1.3f1 (4bef613afd59)
[Subsystems] Discovering subsystems at path C:/Program Files/Unity/Hub/Editor/2021.1.3f1/Editor/Data/Resources/UnitySubsystems
[Subsystems] Discovering subsystems at path C:/Users/LENOVO/Desktop/DACC/ZiGymer/Assets
GfxDevice: creating device client; threaded=0; jobified=0
Direct3D:
    Version:  Direct3D 11.0 [level 11.1]
    Renderer: NVIDIA GeForce GTX 1050 (ID=0x1c91)
    Vendor:   NVIDIA
    VRAM:     2996 MB
    Driver:   27.21.14.5167
Initialize mono
Mono path[0] = 'C:/Program Files/Unity/Hub/Editor/2021.1.3f1/Editor/Data/Managed'
Mono path[1] = 'C:/Program Files/Unity/Hub/Editor/2021.1.3f1/Editor/Data/MonoBleedingEdge/lib/mono/unityjit'
Mono config path = 'C:/Program Files/Unity/Hub/Editor/2021.1.3f1/Editor/Data/MonoBleedingEdge/etc'
Using monoOptions --debugger-agent=transport=dt_socket,embedding=1,server=y,suspend=n,address=127.0.0.1:56024
Begin MonoManager ReloadAssembly
Registering precompiled unity dll's ...
Register platform support module: C:/Program Files/Unity/Hub/Editor/2021.1.3f1/Editor/Data/PlaybackEngines/WindowsStandaloneSupport/UnityEditor.WindowsStandalone.Extensions.dll
Registered in 0.002467 seconds.
Native extension for WindowsStandalone target not found
Refreshing native plugins compatible for Editor in 36.30 ms, found 0 plugins.
Preloading 0 native plugins for Editor in 0.00 ms.
Mono: successfully reloaded assembly
- Completed reload, in  1.396 seconds
Platform modules already initialized, skipping
Registering precompiled user dll's ...
Registered in 0.001102 seconds.
Begin MonoManager ReloadAssembly
Native extension for WindowsStandalone target not found
Refreshing native plugins compatible for Editor in 0.37 ms, found 0 plugins.
Preloading 0 native plugins for Editor in 0.00 ms.
Mono: successfully reloaded assembly
- Completed reload, in  1.498 seconds
Platform modules already initialized, skipping
========================================================================
Worker process is ready to serve import requests
Launched and connected shader compiler UnityShaderCompiler.exe after 0.07 seconds
Refreshing native plugins compatible for Editor in 0.48 ms, found 0 plugins.
Preloading 0 native plugins for Editor in 0.00 ms.
Unloading 1221 Unused Serialized files (Serialized files now loaded: 0)
System memory in use before: 73.9 MB.
System memory in use after: 74.0 MB.

Unloading 12 unused Assets to reduce memory usage. Loaded Objects now: 1700.
Total: 5.610600 ms (FindLiveObjects: 0.232900 ms CreateObjectMapping: 0.135100 ms MarkObjects: 5.200000 ms  DeleteObjects: 0.040700 ms)

========================================================================
Received Import Request.
  path: Assets/Content/Back.txt
  artifactKey: Guid(c3f356a2fb8eda241b50e539c5f142d2) Importer(815301076,1909f56bfc062723c751e8b465ee728b)
Start importing Assets/Content/Back.txt using Guid(c3f356a2fb8eda241b50e539c5f142d2) Importer(815301076,1909f56bfc062723c751e8b465ee728b)  -> (artifact id: '68dc6b08b1d4744d968552ebc686fff2') in 0.072519 seconds 
========================================================================
Received Prepare
Refreshing native plugins compatible for Editor in 0.82 ms, found 0 plugins.
Preloading 0 native plugins for Editor in 0.00 ms.
Unloading 2 Unused Serialized files (Serialized files now loaded: 0)
System memory in use before: 49.4 MB.
System memory in use after: 49.5 MB.

Unloading 2 unused Assets to reduce memory usage. Loaded Objects now: 1700.
Total: 5.617900 ms (FindLiveObjects: 0.223700 ms CreateObjectMapping: 0.078500 ms MarkObjects: 5.295300 ms  DeleteObjects: 0.018600 ms)

========================================================================
Received Import Request.
  Time since last request: 225.200302 seconds.
  path: Assets/Content/Thighs.txt
  artifactKey: Guid(e064e09ce8e0dd143ae76d6ef377be43) Importer(815301076,1909f56bfc062723c751e8b465ee728b)
Start importing Assets/Content/Thighs.txt using Guid(e064e09ce8e0dd143ae76d6ef377be43) Importer(815301076,1909f56bfc062723c751e8b465ee728b)  -> (artifact id: '8157449af0e8494654dfd4c820a96785') in 0.010512 seconds 
========================================================================
Received Import Request.
  Time since last request: 8.591518 seconds.
  path: Assets/Content/HindThighs.txt
  artifactKey: Guid(6a2a23d6bbd2d274faebc42ac7ac3c4d) Importer(815301076,1909f56bfc062723c751e8b465ee728b)
Start importing Assets/Content/HindThighs.txt using Guid(6a2a23d6bbd2d274faebc42ac7ac3c4d) Importer(815301076,1909f56bfc062723c751e8b465ee728b)  -> (artifact id: '6e1e358a77009a646a683a9b806e2dc7') in 0.009229 seconds 
========================================================================
Received Import Request.
  Time since last request: 31.341896 seconds.
  path: Assets/Content/HindThighs.txt
  artifactKey: Guid(6a2a23d6bbd2d274faebc42ac7ac3c4d) Importer(815301076,1909f56bfc062723c751e8b465ee728b)
Start importing Assets/Content/HindThighs.txt using Guid(6a2a23d6bbd2d274faebc42ac7ac3c4d) Importer(815301076,1909f56bfc062723c751e8b465ee728b)  -> (artifact id: '4b02a90fa58a166c37f47517359329fc') in 0.003745 seconds 
========================================================================
Received Import Request.
  Time since last request: 12.425018 seconds.
  path: Assets/Content/Back.txt
  artifactKey: Guid(c3f356a2fb8eda241b50e539c5f142d2) Importer(815301076,1909f56bfc062723c751e8b465ee728b)
Start importing Assets/Content/Back.txt using Guid(c3f356a2fb8eda241b50e539c5f142d2) Importer(815301076,1909f56bfc062723c751e8b465ee728b)  -> (artifact id: '4bf7ee465e1eb6d03e65594129d2fcc5') in 0.003523 seconds 
========================================================================
Received Import Request.
  Time since last request: 147.400648 seconds.
  path: Assets/Content/HindThighs.txt
  artifactKey: Guid(6a2a23d6bbd2d274faebc42ac7ac3c4d) Importer(815301076,1909f56bfc062723c751e8b465ee728b)
Start importing Assets/Content/HindThighs.txt using Guid(6a2a23d6bbd2d274faebc42ac7ac3c4d) Importer(815301076,1909f56bfc062723c751e8b465ee728b)  -> (artifact id: 'b21d082faff342806fb6f476e0225d69') in 0.003445 seconds 
========================================================================
Received Import Request.
  Time since last request: 32.445698 seconds.
  path: Assets/Content/Thighs.txt
  artifactKey: Guid(e064e09ce8e0dd143ae76d6ef377be43) Importer(815301076,1909f56bfc062723c751e8b465ee728b)
Start importing Assets/Content/Thighs.txt using Guid(e064e09ce8e0dd143ae76d6ef377be43) Importer(815301076,1909f56bfc062723c751e8b465ee728b)  -> (artifact id: 'b355f3df6036395e53736931d3ac3b5c') in 0.021495 seconds 
========================================================================
Received Import Request.
  Time since last request: 30.982076 seconds.
  path: Assets/Content/waist.txt
  artifactKey: Guid(f0f1f9e79f5e01340ae6d653b56577e1) Importer(815301076,1909f56bfc062723c751e8b465ee728b)
Start importing Assets/Content/waist.txt using Guid(f0f1f9e79f5e01340ae6d653b56577e1) Importer(815301076,1909f56bfc062723c751e8b465ee728b)  -> (artifact id: '0a4287e1b3a6bf22327841b2b5569b23') in 0.009388 seconds 
========================================================================
Received Import Request.
  Time since last request: 56.997525 seconds.
  path: Assets/Content/waist.txt
  artifactKey: Guid(f0f1f9e79f5e01340ae6d653b56577e1) Importer(815301076,1909f56bfc062723c751e8b465ee728b)
Start importing Assets/Content/waist.txt using Guid(f0f1f9e79f5e01340ae6d653b56577e1) Importer(815301076,1909f56bfc062723c751e8b465ee728b)  -> (artifact id: '8e4663491335e2441a50381ede33f296') in 0.008242 seconds 
========================================================================
Received Import Request.
  Time since last request: 50.137790 seconds.
  path: Assets/Content/Calf.txt
  artifactKey: Guid(c2eb44784df6c8740b0da5b6bbdd9527) Importer(815301076,1909f56bfc062723c751e8b465ee728b)
Start importing Assets/Content/Calf.txt using Guid(c2eb44784df6c8740b0da5b6bbdd9527) Importer(815301076,1909f56bfc062723c751e8b465ee728b)  -> (artifact id: '345caf39d966c759e011c79a8805cb02') in 0.008643 seconds 
========================================================================
Received Import Request.
  Time since last request: 80.641124 seconds.
  path: Assets/Content/Calf.txt
  artifactKey: Guid(c2eb44784df6c8740b0da5b6bbdd9527) Importer(815301076,1909f56bfc062723c751e8b465ee728b)
Start importing Assets/Content/Calf.txt using Guid(c2eb44784df6c8740b0da5b6bbdd9527) Importer(815301076,1909f56bfc062723c751e8b465ee728b)  -> (artifact id: '41b6d0e2b9a0136a94d11675a9da4a32') in 0.002763 seconds 
========================================================================
Received Import Request.
  Time since last request: 53.206461 seconds.
  path: Assets/Content/Shoulder.txt
  artifactKey: Guid(4cf689c81fd197c4492517d514f404da) Importer(815301076,1909f56bfc062723c751e8b465ee728b)
Start importing Assets/Content/Shoulder.txt using Guid(4cf689c81fd197c4492517d514f404da) Importer(815301076,1909f56bfc062723c751e8b465ee728b)  -> (artifact id: '680cff8bcdb479228cfc0b0fa2a320c0') in 0.011212 seconds 
========================================================================
Received Import Request.
  Time since last request: 41.765736 seconds.
  path: Assets/Content/Shoulder.txt
  artifactKey: Guid(4cf689c81fd197c4492517d514f404da) Importer(815301076,1909f56bfc062723c751e8b465ee728b)
Start importing Assets/Content/Shoulder.txt using Guid(4cf689c81fd197c4492517d514f404da) Importer(815301076,1909f56bfc062723c751e8b465ee728b)  -> (artifact id: '03627709583ddf7384543eca48ee47ce') in 0.005837 seconds 
========================================================================
Received Import Request.
  Time since last request: 8.504917 seconds.
  path: Assets/Content/Biceps.txt
  artifactKey: Guid(9756307f6252cc14e8d8c89b693b8317) Importer(815301076,1909f56bfc062723c751e8b465ee728b)
Start importing Assets/Content/Biceps.txt using Guid(9756307f6252cc14e8d8c89b693b8317) Importer(815301076,1909f56bfc062723c751e8b465ee728b)  -> (artifact id: '24cb439e7e90b5c60d0add04263788a9') in 0.011933 seconds 
========================================================================
Received Import Request.
  Time since last request: 127.624096 seconds.
  path: Assets/Content/Biceps.txt
  artifactKey: Guid(9756307f6252cc14e8d8c89b693b8317) Importer(815301076,1909f56bfc062723c751e8b465ee728b)
Start importing Assets/Content/Biceps.txt using Guid(9756307f6252cc14e8d8c89b693b8317) Importer(815301076,1909f56bfc062723c751e8b465ee728b)  -> (artifact id: '5aad8f73247a181228d6f70118f53efa') in 0.004040 seconds 
========================================================================
Received Prepare
Registering precompiled user dll's ...
Registered in 0.001012 seconds.
Begin MonoManager ReloadAssembly
Native extension for WindowsStandalone target not found
Refreshing native plugins compatible for Editor in 0.21 ms, found 0 plugins.
Preloading 0 native plugins for Editor in 0.00 ms.
Mono: successfully reloaded assembly
- Completed reload, in  0.906 seconds
Platform modules already initialized, skipping
Refreshing native plugins compatible for Editor in 0.23 ms, found 0 plugins.
Preloading 0 native plugins for Editor in 0.00 ms.
Unloading 1215 Unused Serialized files (Serialized files now loaded: 0)
System memory in use before: 73.8 MB.
System memory in use after: 73.9 MB.

Unloading 4 unused Assets to reduce memory usage. Loaded Objects now: 1703.
Total: 1.957000 ms (FindLiveObjects: 0.134700 ms CreateObjectMapping: 0.040600 ms MarkObjects: 1.764500 ms  DeleteObjects: 0.015900 ms)

AssetImportWorkerClient::OnTransportError - code=2 error=End of file
=======
Using pre-set license
Built from '2021.1/staging' branch; Version is '2021.1.3f1 (4bef613afd59) revision 4976481'; Using compiler version '192528614'; Build Type 'Release'
OS: 'Windows 10 Home Single Language; OS build 18363.1440; Version 1909; 64bit' Language: 'en' Physical Memory: 8112 MB
BatchMode: 1, IsHumanControllingUs: 0, StartBugReporterOnCrash: 0, Is64bit: 1, IsPro: 0

 COMMAND LINE ARGUMENTS:
C:\Program Files\Unity\Hub\Editor\2021.1.3f1\Editor\Unity.exe
-adb2
-batchMode
-noUpm
-name
AssetImportWorker0
-projectPath
C:/Users/LENOVO/Desktop/DACC/ZiGymer
-logFile
Logs/AssetImportWorker0.log
-srvPort
50735
Successfully changed project path to: C:/Users/LENOVO/Desktop/DACC/ZiGymer
C:/Users/LENOVO/Desktop/DACC/ZiGymer
Using Asset Import Pipeline V2.
Refreshing native plugins compatible for Editor in 49.29 ms, found 0 plugins.
Preloading 0 native plugins for Editor in 0.00 ms.
Initialize engine version: 2021.1.3f1 (4bef613afd59)
[Subsystems] Discovering subsystems at path C:/Program Files/Unity/Hub/Editor/2021.1.3f1/Editor/Data/Resources/UnitySubsystems
[Subsystems] Discovering subsystems at path C:/Users/LENOVO/Desktop/DACC/ZiGymer/Assets
GfxDevice: creating device client; threaded=0; jobified=0
Direct3D:
    Version:  Direct3D 11.0 [level 11.1]
    Renderer: NVIDIA GeForce GTX 1050 (ID=0x1c91)
    Vendor:   NVIDIA
    VRAM:     2996 MB
    Driver:   27.21.14.5167
Initialize mono
Mono path[0] = 'C:/Program Files/Unity/Hub/Editor/2021.1.3f1/Editor/Data/Managed'
Mono path[1] = 'C:/Program Files/Unity/Hub/Editor/2021.1.3f1/Editor/Data/MonoBleedingEdge/lib/mono/unityjit'
Mono config path = 'C:/Program Files/Unity/Hub/Editor/2021.1.3f1/Editor/Data/MonoBleedingEdge/etc'
Using monoOptions --debugger-agent=transport=dt_socket,embedding=1,server=y,suspend=n,address=127.0.0.1:56380
Begin MonoManager ReloadAssembly
Registering precompiled unity dll's ...
Register platform support module: C:/Program Files/Unity/Hub/Editor/2021.1.3f1/Editor/Data/PlaybackEngines/WindowsStandaloneSupport/UnityEditor.WindowsStandalone.Extensions.dll
Registered in 0.006399 seconds.
Native extension for WindowsStandalone target not found
Refreshing native plugins compatible for Editor in 94.54 ms, found 0 plugins.
Preloading 0 native plugins for Editor in 0.00 ms.
Mono: successfully reloaded assembly
- Completed reload, in  4.871 seconds
Platform modules already initialized, skipping
Registering precompiled user dll's ...
Registered in 0.004076 seconds.
Begin MonoManager ReloadAssembly
Native extension for WindowsStandalone target not found
Refreshing native plugins compatible for Editor in 1.05 ms, found 0 plugins.
Preloading 0 native plugins for Editor in 0.00 ms.
Mono: successfully reloaded assembly
- Completed reload, in  4.306 seconds
Platform modules already initialized, skipping
========================================================================
Worker process is ready to serve import requests
Launched and connected shader compiler UnityShaderCompiler.exe after 0.22 seconds
Refreshing native plugins compatible for Editor in 0.42 ms, found 0 plugins.
Preloading 0 native plugins for Editor in 0.00 ms.
Unloading 1221 Unused Serialized files (Serialized files now loaded: 0)
System memory in use before: 73.9 MB.
System memory in use after: 74.0 MB.

Unloading 12 unused Assets to reduce memory usage. Loaded Objects now: 1700.
Total: 3.428700 ms (FindLiveObjects: 0.201100 ms CreateObjectMapping: 0.049200 ms MarkObjects: 3.132800 ms  DeleteObjects: 0.043300 ms)

========================================================================
Received Import Request.
  path: Assets/Scripts/Collision.cs
  artifactKey: Guid(dd5f749331d38a4439244f5152cbb759) Importer(815301076,1909f56bfc062723c751e8b465ee728b)
Start importing Assets/Scripts/Collision.cs using Guid(dd5f749331d38a4439244f5152cbb759) Importer(815301076,1909f56bfc062723c751e8b465ee728b)  -> (artifact id: '04752c7a78153ad35259e17a0dbdd775') in 0.029472 seconds 
========================================================================
Received Prepare
Registering precompiled user dll's ...
Registered in 0.000666 seconds.
Begin MonoManager ReloadAssembly
Native extension for WindowsStandalone target not found
Refreshing native plugins compatible for Editor in 0.28 ms, found 0 plugins.
Preloading 0 native plugins for Editor in 0.00 ms.
Mono: successfully reloaded assembly
- Completed reload, in  1.833 seconds
Platform modules already initialized, skipping
Refreshing native plugins compatible for Editor in 0.41 ms, found 0 plugins.
Preloading 0 native plugins for Editor in 0.00 ms.
Unloading 1215 Unused Serialized files (Serialized files now loaded: 0)
System memory in use before: 73.8 MB.
System memory in use after: 73.9 MB.

Unloading 4 unused Assets to reduce memory usage. Loaded Objects now: 1703.
Total: 3.655100 ms (FindLiveObjects: 0.240600 ms CreateObjectMapping: 0.096300 ms MarkObjects: 3.294300 ms  DeleteObjects: 0.021200 ms)

========================================================================
Received Import Request.
  Time since last request: 3779.404211 seconds.
  path: Assets/Sprites/Calf.PNG
  artifactKey: Guid(755096d35a30ef247ae1d86465859b74) Importer(815301076,1909f56bfc062723c751e8b465ee728b)
Start importing Assets/Sprites/Calf.PNG using Guid(755096d35a30ef247ae1d86465859b74) Importer(815301076,1909f56bfc062723c751e8b465ee728b)  -> (artifact id: '26f1ec143b40f2ccbe373a13a301f614') in 0.134220 seconds 
========================================================================
Received Prepare
Registering precompiled user dll's ...
Registered in 0.000953 seconds.
Begin MonoManager ReloadAssembly
Native extension for WindowsStandalone target not found
Refreshing native plugins compatible for Editor in 0.25 ms, found 0 plugins.
Preloading 0 native plugins for Editor in 0.00 ms.
Mono: successfully reloaded assembly
- Completed reload, in  1.408 seconds
Platform modules already initialized, skipping
Refreshing native plugins compatible for Editor in 0.46 ms, found 0 plugins.
Preloading 0 native plugins for Editor in 0.00 ms.
Unloading 1216 Unused Serialized files (Serialized files now loaded: 0)
System memory in use before: 78.1 MB.
System memory in use after: 78.2 MB.

Unloading 4 unused Assets to reduce memory usage. Loaded Objects now: 1727.
Total: 4.121600 ms (FindLiveObjects: 0.232100 ms CreateObjectMapping: 0.102300 ms MarkObjects: 3.763700 ms  DeleteObjects: 0.021100 ms)

========================================================================
Received Prepare
Registering precompiled user dll's ...
Registered in 0.000619 seconds.
Begin MonoManager ReloadAssembly
Native extension for WindowsStandalone target not found
Refreshing native plugins compatible for Editor in 0.27 ms, found 0 plugins.
Preloading 0 native plugins for Editor in 0.00 ms.
Mono: successfully reloaded assembly
- Completed reload, in  1.180 seconds
Platform modules already initialized, skipping
Refreshing native plugins compatible for Editor in 0.27 ms, found 0 plugins.
Preloading 0 native plugins for Editor in 0.00 ms.
Unloading 1215 Unused Serialized files (Serialized files now loaded: 0)
System memory in use before: 78.1 MB.
System memory in use after: 78.2 MB.

Unloading 4 unused Assets to reduce memory usage. Loaded Objects now: 1730.
Total: 2.242600 ms (FindLiveObjects: 0.137700 ms CreateObjectMapping: 0.048100 ms MarkObjects: 2.041400 ms  DeleteObjects: 0.014200 ms)

========================================================================
Received Prepare
Registering precompiled user dll's ...
Registered in 0.000665 seconds.
Begin MonoManager ReloadAssembly
Native extension for WindowsStandalone target not found
Refreshing native plugins compatible for Editor in 0.44 ms, found 0 plugins.
Preloading 0 native plugins for Editor in 0.00 ms.
Mono: successfully reloaded assembly
- Completed reload, in  1.353 seconds
Platform modules already initialized, skipping
Refreshing native plugins compatible for Editor in 0.63 ms, found 0 plugins.
Preloading 0 native plugins for Editor in 0.00 ms.
Unloading 1215 Unused Serialized files (Serialized files now loaded: 0)
System memory in use before: 78.1 MB.
System memory in use after: 78.2 MB.

Unloading 4 unused Assets to reduce memory usage. Loaded Objects now: 1733.
Total: 12.299500 ms (FindLiveObjects: 0.198200 ms CreateObjectMapping: 0.072900 ms MarkObjects: 12.004800 ms  DeleteObjects: 0.022200 ms)

========================================================================
Received Import Request.
  Time since last request: 585.078458 seconds.
  path: Assets/Sprites/Biceps.PNG
  artifactKey: Guid(17ff11b0cc45eb64ab17661077b9513e) Importer(815301076,1909f56bfc062723c751e8b465ee728b)
Start importing Assets/Sprites/Biceps.PNG using Guid(17ff11b0cc45eb64ab17661077b9513e) Importer(815301076,1909f56bfc062723c751e8b465ee728b)  -> (artifact id: '38e0d3ac60f6973d3c271df3e09f6650') in 0.090245 seconds 
========================================================================
Received Prepare
Registering precompiled user dll's ...
Registered in 0.000795 seconds.
Begin MonoManager ReloadAssembly
Native extension for WindowsStandalone target not found
Refreshing native plugins compatible for Editor in 0.23 ms, found 0 plugins.
Preloading 0 native plugins for Editor in 0.00 ms.
Mono: successfully reloaded assembly
- Completed reload, in  0.837 seconds
Platform modules already initialized, skipping
Refreshing native plugins compatible for Editor in 0.24 ms, found 0 plugins.
Preloading 0 native plugins for Editor in 0.00 ms.
Unloading 1216 Unused Serialized files (Serialized files now loaded: 0)
System memory in use before: 78.7 MB.
System memory in use after: 78.8 MB.

Unloading 4 unused Assets to reduce memory usage. Loaded Objects now: 1754.
Total: 2.054000 ms (FindLiveObjects: 0.274600 ms CreateObjectMapping: 0.093900 ms MarkObjects: 1.668000 ms  DeleteObjects: 0.015900 ms)

========================================================================
Received Prepare
Registering precompiled user dll's ...
Registered in 0.000803 seconds.
Begin MonoManager ReloadAssembly
Native extension for WindowsStandalone target not found
Refreshing native plugins compatible for Editor in 0.27 ms, found 0 plugins.
Preloading 0 native plugins for Editor in 0.00 ms.
Mono: successfully reloaded assembly
- Completed reload, in  1.483 seconds
Platform modules already initialized, skipping
Refreshing native plugins compatible for Editor in 0.27 ms, found 0 plugins.
Preloading 0 native plugins for Editor in 0.00 ms.
Unloading 1215 Unused Serialized files (Serialized files now loaded: 0)
System memory in use before: 78.6 MB.
System memory in use after: 78.7 MB.

Unloading 4 unused Assets to reduce memory usage. Loaded Objects now: 1757.
Total: 2.983700 ms (FindLiveObjects: 0.252200 ms CreateObjectMapping: 0.085500 ms MarkObjects: 2.623800 ms  DeleteObjects: 0.020400 ms)

========================================================================
Received Import Request.
  Time since last request: 555.540983 seconds.
  path: Assets/Sprites/Shoulder.PNG
  artifactKey: Guid(619312ba4e97938479029ebb7cd5e628) Importer(815301076,1909f56bfc062723c751e8b465ee728b)
Start importing Assets/Sprites/Shoulder.PNG using Guid(619312ba4e97938479029ebb7cd5e628) Importer(815301076,1909f56bfc062723c751e8b465ee728b)  -> (artifact id: 'da06e263ae967029c66329510c754bf9') in 0.052774 seconds 
========================================================================
Received Prepare
Registering precompiled user dll's ...
Registered in 0.000528 seconds.
Begin MonoManager ReloadAssembly
Native extension for WindowsStandalone target not found
Refreshing native plugins compatible for Editor in 0.23 ms, found 0 plugins.
Preloading 0 native plugins for Editor in 0.00 ms.
Mono: successfully reloaded assembly
- Completed reload, in  0.839 seconds
Platform modules already initialized, skipping
Refreshing native plugins compatible for Editor in 0.27 ms, found 0 plugins.
Preloading 0 native plugins for Editor in 0.00 ms.
Unloading 1216 Unused Serialized files (Serialized files now loaded: 0)
System memory in use before: 79.1 MB.
System memory in use after: 79.2 MB.

Unloading 4 unused Assets to reduce memory usage. Loaded Objects now: 1778.
Total: 2.012800 ms (FindLiveObjects: 0.139100 ms CreateObjectMapping: 0.040200 ms MarkObjects: 1.817600 ms  DeleteObjects: 0.014700 ms)

AssetImportWorkerClient::OnTransportError - code=2 error=End of file
>>>>>>> f8d58ad5ed2d4071d2d2cbbf8ffadb5c4e0d1edc
